<?xml version="1.0" encoding="UTF-8" standalone="no"?>
<testsuite failures="0" name="cucumber.runtime.formatter.JUnitFormatter" skipped="0" tests="1" time="73.075875">
<testcase classname="Login to Amazon" name="User login to amazon" time="73.075875">
<system-out><![CDATA[Given user is on amazon login page..........................................passed
When user enter username as "email_id" and password as "password"...........passed
And user clicks on login button.............................................passed
]]></system-out>
</testcase>
</testsuite>
